[2024-07-03T05:31:39.202Z] [INFO] [MerchantConfig522886886] : "************************ LOGGING START ************************"
[2024-07-03T05:31:39.209Z] [INFO] [ApiClient359235043] : "Authentication Type : http_signature"
[2024-07-03T05:31:39.209Z] [INFO] [ApiClient359235043] : "Request Type : POST"
[2024-07-03T05:31:39.210Z] [INFO] [ApiClient359235043] : "signatureHeader : keyid=\"b92674b7-21df-4967-b45e-b43c1b336601\", algorithm=\"HmacSHA256\", headers=\"host date request-target digest v-c-merchant-id\", signature=\"su3bW8CwG6VmhYmh2RFEtgXTL9T2woIOvRPDsjrJmKA=\""
[2024-07-03T05:31:39.211Z] [INFO] [ApiClient359235043] : "digest : SHA-256=lG0Bz5HexIBG9Vi/28MkUwQliQ7YD53vF/BGBf2ux2Y="
[2024-07-03T05:31:39.211Z] [INFO] [ApiClient359235043] : "v-c-merchant-id : ectfsandbox"
[2024-07-03T05:31:39.211Z] [INFO] [ApiClient359235043] : "date : Wed, 03 Jul 2024 05:31:39 GMT"
[2024-07-03T05:31:39.211Z] [INFO] [ApiClient359235043] : "host : apitest.cybersource.sandbox"
[2024-07-03T05:31:39.212Z] [INFO] [ApiClient359235043] : "signature : keyid=\"b92674b7-21df-4967-b45e-b43c1b336601\", algorithm=\"HmacSHA256\", headers=\"host date request-target digest v-c-merchant-id\", signature=\"su3bW8CwG6VmhYmh2RFEtgXTL9T2woIOvRPDsjrJmKA=\""
[2024-07-03T05:31:39.212Z] [INFO] [ApiClient359235043] : "User-Agent : Mozilla/5.0"
[2024-07-03T05:31:39.212Z] [INFO] [ApiClient359235043] : "************************  LOGGING END  ************************"
[2024-07-03T05:32:18.283Z] [INFO] [MerchantConfig342527360] : "************************ LOGGING START ************************"
[2024-07-03T05:32:18.289Z] [INFO] [ApiClient77872141] : "Authentication Type : http_signature"
[2024-07-03T05:32:18.289Z] [INFO] [ApiClient77872141] : "Request Type : POST"
[2024-07-03T05:32:18.290Z] [INFO] [ApiClient77872141] : "signatureHeader : keyid=\"b92674b7-21df-4967-b45e-b43c1b336601\", algorithm=\"HmacSHA256\", headers=\"host date request-target digest v-c-merchant-id\", signature=\"d2PURNdeDK9ovS4/kgkmADmLg9R9FxYutYZD8Qsq2YI=\""
[2024-07-03T05:32:18.290Z] [INFO] [ApiClient77872141] : "digest : SHA-256=lG0Bz5HexIBG9Vi/28MkUwQliQ7YD53vF/BGBf2ux2Y="
[2024-07-03T05:32:18.291Z] [INFO] [ApiClient77872141] : "v-c-merchant-id : ectfsandbox"
[2024-07-03T05:32:18.291Z] [INFO] [ApiClient77872141] : "date : Wed, 03 Jul 2024 05:32:18 GMT"
[2024-07-03T05:32:18.291Z] [INFO] [ApiClient77872141] : "host : apitest.cybersource.sandbox"
[2024-07-03T05:32:18.292Z] [INFO] [ApiClient77872141] : "signature : keyid=\"b92674b7-21df-4967-b45e-b43c1b336601\", algorithm=\"HmacSHA256\", headers=\"host date request-target digest v-c-merchant-id\", signature=\"d2PURNdeDK9ovS4/kgkmADmLg9R9FxYutYZD8Qsq2YI=\""
[2024-07-03T05:32:18.292Z] [INFO] [ApiClient77872141] : "User-Agent : Mozilla/5.0"
[2024-07-03T05:32:18.292Z] [INFO] [ApiClient77872141] : "************************  LOGGING END  ************************"
[2024-07-03T10:13:08.874Z] [INFO] [MerchantConfig934210940] : "************************ LOGGING START ************************"
[2024-07-03T10:13:08.880Z] [INFO] [ApiClient65139547] : "Authentication Type : http_signature"
[2024-07-03T10:13:08.880Z] [INFO] [ApiClient65139547] : "Request Type : POST"
[2024-07-03T10:13:08.881Z] [INFO] [ApiClient65139547] : "signatureHeader : keyid=\"08c94330-f618-42a3-b09d-e1e43be5efda\", algorithm=\"HmacSHA256\", headers=\"host date request-target digest v-c-merchant-id\", signature=\"dKwZx0VXBV5REzUVG3KEcIlbOYcuJppKkLlN0tuFyjw=\""
[2024-07-03T10:13:08.882Z] [INFO] [ApiClient65139547] : "digest : SHA-256=+Eu8c407TZXsKNgUX21wKCVxp6/ZaqRV/XuA42Javfk="
[2024-07-03T10:13:08.882Z] [INFO] [ApiClient65139547] : "v-c-merchant-id : testrest"
[2024-07-03T10:13:08.882Z] [INFO] [ApiClient65139547] : "date : Wed, 03 Jul 2024 10:13:08 GMT"
[2024-07-03T10:13:08.883Z] [INFO] [ApiClient65139547] : "host : apitest.cybersource.com"
[2024-07-03T10:13:08.883Z] [INFO] [ApiClient65139547] : "signature : keyid=\"08c94330-f618-42a3-b09d-e1e43be5efda\", algorithm=\"HmacSHA256\", headers=\"host date request-target digest v-c-merchant-id\", signature=\"dKwZx0VXBV5REzUVG3KEcIlbOYcuJppKkLlN0tuFyjw=\""
[2024-07-03T10:13:08.883Z] [INFO] [ApiClient65139547] : "User-Agent : Mozilla/5.0"
[2024-07-03T10:13:08.883Z] [INFO] [ApiClient65139547] : "************************  LOGGING END  ************************"
[2024-07-03T10:25:10.082Z] [INFO] [MerchantConfig609163843] : "************************ LOGGING START ************************"
[2024-07-03T10:25:10.087Z] [INFO] [ApiClient600995541] : "Authentication Type : http_signature"
[2024-07-03T10:25:10.087Z] [INFO] [ApiClient600995541] : "Request Type : POST"
[2024-07-03T10:25:10.088Z] [INFO] [ApiClient600995541] : "signatureHeader : keyid=\"08c94330-f618-42a3-b09d-e1e43be5efda\", algorithm=\"HmacSHA256\", headers=\"host date request-target digest v-c-merchant-id\", signature=\"QrRv8ulszaZ3C5oehI9ArFEvr65GfCXABNLNdO0m1Aw=\""
[2024-07-03T10:25:10.089Z] [INFO] [ApiClient600995541] : "digest : SHA-256=+Eu8c407TZXsKNgUX21wKCVxp6/ZaqRV/XuA42Javfk="
[2024-07-03T10:25:10.089Z] [INFO] [ApiClient600995541] : "v-c-merchant-id : testrest"
[2024-07-03T10:25:10.089Z] [INFO] [ApiClient600995541] : "date : Wed, 03 Jul 2024 10:25:10 GMT"
[2024-07-03T10:25:10.089Z] [INFO] [ApiClient600995541] : "host : apitest.cybersource.com"
[2024-07-03T10:25:10.090Z] [INFO] [ApiClient600995541] : "signature : keyid=\"08c94330-f618-42a3-b09d-e1e43be5efda\", algorithm=\"HmacSHA256\", headers=\"host date request-target digest v-c-merchant-id\", signature=\"QrRv8ulszaZ3C5oehI9ArFEvr65GfCXABNLNdO0m1Aw=\""
[2024-07-03T10:25:10.090Z] [INFO] [ApiClient600995541] : "User-Agent : Mozilla/5.0"
[2024-07-03T10:25:10.090Z] [INFO] [ApiClient600995541] : "************************  LOGGING END  ************************"
[2024-07-03T10:26:08.413Z] [INFO] [MerchantConfig442367901] : "************************ LOGGING START ************************"
[2024-07-03T10:26:08.419Z] [INFO] [ApiClient894705767] : "Authentication Type : http_signature"
[2024-07-03T10:26:08.420Z] [INFO] [ApiClient894705767] : "Request Type : POST"
[2024-07-03T10:26:08.421Z] [INFO] [ApiClient894705767] : "signatureHeader : keyid=\"08c94330-f618-42a3-b09d-e1e43be5efda\", algorithm=\"HmacSHA256\", headers=\"host date request-target digest v-c-merchant-id\", signature=\"zto6gxu0Ow4ylxzwiZ5vVvCQGMXrZwl576HB2bEeJ2c=\""
[2024-07-03T10:26:08.421Z] [INFO] [ApiClient894705767] : "digest : SHA-256=+Eu8c407TZXsKNgUX21wKCVxp6/ZaqRV/XuA42Javfk="
[2024-07-03T10:26:08.421Z] [INFO] [ApiClient894705767] : "v-c-merchant-id : testrest"
[2024-07-03T10:26:08.421Z] [INFO] [ApiClient894705767] : "date : Wed, 03 Jul 2024 10:26:08 GMT"
[2024-07-03T10:26:08.422Z] [INFO] [ApiClient894705767] : "host : apitest.cybersource.com"
[2024-07-03T10:26:08.422Z] [INFO] [ApiClient894705767] : "signature : keyid=\"08c94330-f618-42a3-b09d-e1e43be5efda\", algorithm=\"HmacSHA256\", headers=\"host date request-target digest v-c-merchant-id\", signature=\"zto6gxu0Ow4ylxzwiZ5vVvCQGMXrZwl576HB2bEeJ2c=\""
[2024-07-03T10:26:08.422Z] [INFO] [ApiClient894705767] : "User-Agent : Mozilla/5.0"
[2024-07-03T10:26:08.422Z] [INFO] [ApiClient894705767] : "************************  LOGGING END  ************************"
[2024-07-03T10:34:00.921Z] [INFO] [MerchantConfig537263524] : "************************ LOGGING START ************************"
[2024-07-03T10:34:00.925Z] [INFO] [ApiClient251392093] : "Authentication Type : http_signature"
[2024-07-03T10:34:00.926Z] [INFO] [ApiClient251392093] : "Request Type : POST"
[2024-07-03T10:34:00.927Z] [INFO] [ApiClient251392093] : "signatureHeader : keyid=\"b92674b7-21df-4967-b45e-b43c1b336602\", algorithm=\"HmacSHA256\", headers=\"host date request-target digest v-c-merchant-id\", signature=\"i+jjo35+NFk8UpgGnYL7lJb68ZKog/jiqmlo5ic69ss=\""
[2024-07-03T10:34:00.927Z] [INFO] [ApiClient251392093] : "digest : SHA-256=+Eu8c407TZXsKNgUX21wKCVxp6/ZaqRV/XuA42Javfk="
[2024-07-03T10:34:00.928Z] [INFO] [ApiClient251392093] : "v-c-merchant-id : ectfsandbox"
[2024-07-03T10:34:00.928Z] [INFO] [ApiClient251392093] : "date : Wed, 03 Jul 2024 10:34:00 GMT"
[2024-07-03T10:34:00.928Z] [INFO] [ApiClient251392093] : "host : apitest.cybersource.com"
[2024-07-03T10:34:00.929Z] [INFO] [ApiClient251392093] : "signature : keyid=\"b92674b7-21df-4967-b45e-b43c1b336602\", algorithm=\"HmacSHA256\", headers=\"host date request-target digest v-c-merchant-id\", signature=\"i+jjo35+NFk8UpgGnYL7lJb68ZKog/jiqmlo5ic69ss=\""
[2024-07-03T10:34:00.930Z] [INFO] [ApiClient251392093] : "User-Agent : Mozilla/5.0"
[2024-07-03T10:34:00.930Z] [INFO] [ApiClient251392093] : "************************  LOGGING END  ************************"
[2024-07-03T10:34:55.938Z] [INFO] [MerchantConfig98116605] : "************************ LOGGING START ************************"
[2024-07-03T10:34:55.944Z] [INFO] [ApiClient84502961] : "Authentication Type : http_signature"
[2024-07-03T10:34:55.944Z] [INFO] [ApiClient84502961] : "Request Type : POST"
[2024-07-03T10:34:55.947Z] [INFO] [ApiClient84502961] : "signatureHeader : keyid=\"b92674b7-21df-4967-b45e-b43c1b336602\", algorithm=\"HmacSHA256\", headers=\"host date request-target digest v-c-merchant-id\", signature=\"D9otERP30KaxWfQl50psJIyma2pn12s50uDp28HulF8=\""
[2024-07-03T10:34:55.948Z] [INFO] [ApiClient84502961] : "digest : SHA-256=+Eu8c407TZXsKNgUX21wKCVxp6/ZaqRV/XuA42Javfk="
[2024-07-03T10:34:55.948Z] [INFO] [ApiClient84502961] : "v-c-merchant-id : ectfsandbox"
[2024-07-03T10:34:55.948Z] [INFO] [ApiClient84502961] : "date : Wed, 03 Jul 2024 10:34:55 GMT"
[2024-07-03T10:34:55.949Z] [INFO] [ApiClient84502961] : "host : apitest.cybersource.com"
[2024-07-03T10:34:55.949Z] [INFO] [ApiClient84502961] : "signature : keyid=\"b92674b7-21df-4967-b45e-b43c1b336602\", algorithm=\"HmacSHA256\", headers=\"host date request-target digest v-c-merchant-id\", signature=\"D9otERP30KaxWfQl50psJIyma2pn12s50uDp28HulF8=\""
[2024-07-03T10:34:55.950Z] [INFO] [ApiClient84502961] : "User-Agent : Mozilla/5.0"
[2024-07-03T10:34:55.950Z] [INFO] [ApiClient84502961] : "************************  LOGGING END  ************************"
[2024-07-03T10:36:16.676Z] [INFO] [MerchantConfig971388647] : "************************ LOGGING START ************************"
[2024-07-03T10:36:16.683Z] [INFO] [ApiClient44857648] : "Authentication Type : http_signature"
[2024-07-03T10:36:16.683Z] [INFO] [ApiClient44857648] : "Request Type : POST"
[2024-07-03T10:36:16.684Z] [INFO] [ApiClient44857648] : "signatureHeader : keyid=\"b92674b7-21df-4967-b45e-b43c1b336601\", algorithm=\"HmacSHA256\", headers=\"host date request-target digest v-c-merchant-id\", signature=\"CUWOaq6ZNEDsBXJdE0qxcW3h/w6Qy0IM6xbBUefHmSU=\""
[2024-07-03T10:36:16.685Z] [INFO] [ApiClient44857648] : "digest : SHA-256=+Eu8c407TZXsKNgUX21wKCVxp6/ZaqRV/XuA42Javfk="
[2024-07-03T10:36:16.685Z] [INFO] [ApiClient44857648] : "v-c-merchant-id : testrest"
[2024-07-03T10:36:16.685Z] [INFO] [ApiClient44857648] : "date : Wed, 03 Jul 2024 10:36:16 GMT"
[2024-07-03T10:36:16.685Z] [INFO] [ApiClient44857648] : "host : apitest.cybersource.com"
[2024-07-03T10:36:16.686Z] [INFO] [ApiClient44857648] : "signature : keyid=\"b92674b7-21df-4967-b45e-b43c1b336601\", algorithm=\"HmacSHA256\", headers=\"host date request-target digest v-c-merchant-id\", signature=\"CUWOaq6ZNEDsBXJdE0qxcW3h/w6Qy0IM6xbBUefHmSU=\""
[2024-07-03T10:36:16.686Z] [INFO] [ApiClient44857648] : "User-Agent : Mozilla/5.0"
[2024-07-03T10:36:16.686Z] [INFO] [ApiClient44857648] : "************************  LOGGING END  ************************"
[2024-07-03T10:44:13.340Z] [INFO] [MerchantConfig967465452] : "************************ LOGGING START ************************"
[2024-07-03T10:44:13.345Z] [INFO] [ApiClient25375673] : "Authentication Type : http_signature"
[2024-07-03T10:44:13.346Z] [INFO] [ApiClient25375673] : "Request Type : POST"
[2024-07-03T10:44:13.347Z] [INFO] [ApiClient25375673] : "signatureHeader : keyid=\"8833509B-8643-48E8-AB4B-EC2AF9383E09\", algorithm=\"HmacSHA256\", headers=\"host date request-target digest v-c-merchant-id\", signature=\"hNKus7Wn5m13jCHTiPNA5/Ujwp4OnHb4iUH8rRRvflI=\""
[2024-07-03T10:44:13.347Z] [INFO] [ApiClient25375673] : "digest : SHA-256=+Eu8c407TZXsKNgUX21wKCVxp6/ZaqRV/XuA42Javfk="
[2024-07-03T10:44:13.348Z] [INFO] [ApiClient25375673] : "v-c-merchant-id : testrest"
[2024-07-03T10:44:13.348Z] [INFO] [ApiClient25375673] : "date : Wed, 03 Jul 2024 10:44:13 GMT"
[2024-07-03T10:44:13.348Z] [INFO] [ApiClient25375673] : "host : apitest.cybersource.com"
[2024-07-03T10:44:13.349Z] [INFO] [ApiClient25375673] : "signature : keyid=\"8833509B-8643-48E8-AB4B-EC2AF9383E09\", algorithm=\"HmacSHA256\", headers=\"host date request-target digest v-c-merchant-id\", signature=\"hNKus7Wn5m13jCHTiPNA5/Ujwp4OnHb4iUH8rRRvflI=\""
[2024-07-03T10:44:13.349Z] [INFO] [ApiClient25375673] : "User-Agent : Mozilla/5.0"
[2024-07-03T10:44:13.349Z] [INFO] [ApiClient25375673] : "************************  LOGGING END  ************************"
[2024-07-03T10:45:35.887Z] [INFO] [MerchantConfig768612805] : "************************ LOGGING START ************************"
[2024-07-03T10:45:35.892Z] [INFO] [ApiClient556498375] : "Authentication Type : http_signature"
[2024-07-03T10:45:35.892Z] [INFO] [ApiClient556498375] : "Request Type : POST"
[2024-07-03T10:45:35.893Z] [INFO] [ApiClient556498375] : "signatureHeader : keyid=\"8833509B-8643-48E8-AB4B-EC2AF9383E09\", algorithm=\"HmacSHA256\", headers=\"host date request-target digest v-c-merchant-id\", signature=\"+WBDszS2wL6j+2H9GaDZR2/im02aMQx+T5lq7GguZXI=\""
[2024-07-03T10:45:35.894Z] [INFO] [ApiClient556498375] : "digest : SHA-256=+Eu8c407TZXsKNgUX21wKCVxp6/ZaqRV/XuA42Javfk="
[2024-07-03T10:45:35.894Z] [INFO] [ApiClient556498375] : "v-c-merchant-id : testrest"
[2024-07-03T10:45:35.895Z] [INFO] [ApiClient556498375] : "date : Wed, 03 Jul 2024 10:45:35 GMT"
[2024-07-03T10:45:35.895Z] [INFO] [ApiClient556498375] : "host : apitest.cybersource.com"
[2024-07-03T10:45:35.895Z] [INFO] [ApiClient556498375] : "signature : keyid=\"8833509B-8643-48E8-AB4B-EC2AF9383E09\", algorithm=\"HmacSHA256\", headers=\"host date request-target digest v-c-merchant-id\", signature=\"+WBDszS2wL6j+2H9GaDZR2/im02aMQx+T5lq7GguZXI=\""
[2024-07-03T10:45:35.896Z] [INFO] [ApiClient556498375] : "User-Agent : Mozilla/5.0"
[2024-07-03T10:45:35.897Z] [INFO] [ApiClient556498375] : "************************  LOGGING END  ************************"
[2024-07-03T10:46:54.540Z] [INFO] [MerchantConfig871535401] : "************************ LOGGING START ************************"
[2024-07-03T10:46:54.545Z] [INFO] [ApiClient265233470] : "Authentication Type : http_signature"
[2024-07-03T10:46:54.546Z] [INFO] [ApiClient265233470] : "Request Type : POST"
[2024-07-03T10:46:54.547Z] [INFO] [ApiClient265233470] : "signatureHeader : keyid=\"8833509B-8643-48E8-AB4B-EC2AF9383E09\", algorithm=\"HmacSHA256\", headers=\"host date request-target digest v-c-merchant-id\", signature=\"idjcuRidnOFCNXAAuTa8YuDEVfytwGSLfuCmyTK7h3E=\""
[2024-07-03T10:46:54.547Z] [INFO] [ApiClient265233470] : "digest : SHA-256=+Eu8c407TZXsKNgUX21wKCVxp6/ZaqRV/XuA42Javfk="
[2024-07-03T10:46:54.547Z] [INFO] [ApiClient265233470] : "v-c-merchant-id : testrest"
[2024-07-03T10:46:54.548Z] [INFO] [ApiClient265233470] : "date : Wed, 03 Jul 2024 10:46:54 GMT"
[2024-07-03T10:46:54.548Z] [INFO] [ApiClient265233470] : "host : apitest.cybersource.com"
[2024-07-03T10:46:54.548Z] [INFO] [ApiClient265233470] : "signature : keyid=\"8833509B-8643-48E8-AB4B-EC2AF9383E09\", algorithm=\"HmacSHA256\", headers=\"host date request-target digest v-c-merchant-id\", signature=\"idjcuRidnOFCNXAAuTa8YuDEVfytwGSLfuCmyTK7h3E=\""
[2024-07-03T10:46:54.549Z] [INFO] [ApiClient265233470] : "User-Agent : Mozilla/5.0"
[2024-07-03T10:46:54.549Z] [INFO] [ApiClient265233470] : "************************  LOGGING END  ************************"
[2024-07-03T10:47:26.205Z] [INFO] [MerchantConfig262457527] : "************************ LOGGING START ************************"
[2024-07-03T10:47:26.211Z] [INFO] [ApiClient288410849] : "Authentication Type : http_signature"
[2024-07-03T10:47:26.211Z] [INFO] [ApiClient288410849] : "Request Type : POST"
[2024-07-03T10:47:26.212Z] [INFO] [ApiClient288410849] : "signatureHeader : keyid=\"8833509B-8643-48E8-AB4B-EC2AF9383E09\", algorithm=\"HmacSHA256\", headers=\"host date request-target digest v-c-merchant-id\", signature=\"SdTz7VlX3sq62x+fhdE1uIAqWE/byFouJBhWgTJOzlA=\""
[2024-07-03T10:47:26.213Z] [INFO] [ApiClient288410849] : "digest : SHA-256=+Eu8c407TZXsKNgUX21wKCVxp6/ZaqRV/XuA42Javfk="
[2024-07-03T10:47:26.214Z] [INFO] [ApiClient288410849] : "v-c-merchant-id : testrest"
[2024-07-03T10:47:26.214Z] [INFO] [ApiClient288410849] : "date : Wed, 03 Jul 2024 10:47:26 GMT"
[2024-07-03T10:47:26.215Z] [INFO] [ApiClient288410849] : "host : apitest.cybersource.com"
[2024-07-03T10:47:26.215Z] [INFO] [ApiClient288410849] : "signature : keyid=\"8833509B-8643-48E8-AB4B-EC2AF9383E09\", algorithm=\"HmacSHA256\", headers=\"host date request-target digest v-c-merchant-id\", signature=\"SdTz7VlX3sq62x+fhdE1uIAqWE/byFouJBhWgTJOzlA=\""
[2024-07-03T10:47:26.216Z] [INFO] [ApiClient288410849] : "User-Agent : Mozilla/5.0"
[2024-07-03T10:47:26.216Z] [INFO] [ApiClient288410849] : "************************  LOGGING END  ************************"
[2024-07-03T10:55:58.942Z] [INFO] [MerchantConfig586222159] : "************************ LOGGING START ************************"
[2024-07-03T10:55:58.947Z] [INFO] [ApiClient894078204] : "Authentication Type : http_signature"
[2024-07-03T10:55:58.947Z] [INFO] [ApiClient894078204] : "Request Type : POST"
[2024-07-03T10:55:58.948Z] [INFO] [ApiClient894078204] : "signatureHeader : keyid=\"8833509B-8643-48E8-AB4B-EC2AF9383E09\", algorithm=\"HmacSHA256\", headers=\"host date request-target digest v-c-merchant-id\", signature=\"wnBHqCvXaAXRIatF7TGBHQqd2zen4kSWrE8H0WesI/U=\""
[2024-07-03T10:55:58.948Z] [INFO] [ApiClient894078204] : "digest : SHA-256=+Eu8c407TZXsKNgUX21wKCVxp6/ZaqRV/XuA42Javfk="
[2024-07-03T10:55:58.949Z] [INFO] [ApiClient894078204] : "v-c-merchant-id : ectfsandbox"
[2024-07-03T10:55:58.949Z] [INFO] [ApiClient894078204] : "date : Wed, 03 Jul 2024 10:55:58 GMT"
[2024-07-03T10:55:58.949Z] [INFO] [ApiClient894078204] : "host : apitest.cybersource.com"
[2024-07-03T10:55:58.950Z] [INFO] [ApiClient894078204] : "signature : keyid=\"8833509B-8643-48E8-AB4B-EC2AF9383E09\", algorithm=\"HmacSHA256\", headers=\"host date request-target digest v-c-merchant-id\", signature=\"wnBHqCvXaAXRIatF7TGBHQqd2zen4kSWrE8H0WesI/U=\""
[2024-07-03T10:55:58.950Z] [INFO] [ApiClient894078204] : "User-Agent : Mozilla/5.0"
[2024-07-03T10:55:58.950Z] [INFO] [ApiClient894078204] : "************************  LOGGING END  ************************"
[2024-07-03T11:04:12.938Z] [INFO] [MerchantConfig84654820] : "************************ LOGGING START ************************"
[2024-07-03T11:04:12.942Z] [INFO] [ApiClient957399744] : "Authentication Type : http_signature"
[2024-07-03T11:04:12.943Z] [INFO] [ApiClient957399744] : "Request Type : POST"
[2024-07-03T11:04:12.944Z] [INFO] [ApiClient957399744] : "signatureHeader : keyid=\"8833509B-8643-48E8-AB4B-EC2AF9383E09\", algorithm=\"HmacSHA256\", headers=\"host date request-target digest v-c-merchant-id\", signature=\"J4p2nOAzw9uaK1aiQnLCm7mptxZDe8QrzO2inmpD/ds=\""
[2024-07-03T11:04:12.944Z] [INFO] [ApiClient957399744] : "digest : SHA-256=+Eu8c407TZXsKNgUX21wKCVxp6/ZaqRV/XuA42Javfk="
[2024-07-03T11:04:12.945Z] [INFO] [ApiClient957399744] : "v-c-merchant-id : ectfsandbox"
[2024-07-03T11:04:12.945Z] [INFO] [ApiClient957399744] : "date : Wed, 03 Jul 2024 11:04:12 GMT"
[2024-07-03T11:04:12.946Z] [INFO] [ApiClient957399744] : "host : apitest.cybersource.com"
[2024-07-03T11:04:12.946Z] [INFO] [ApiClient957399744] : "signature : keyid=\"8833509B-8643-48E8-AB4B-EC2AF9383E09\", algorithm=\"HmacSHA256\", headers=\"host date request-target digest v-c-merchant-id\", signature=\"J4p2nOAzw9uaK1aiQnLCm7mptxZDe8QrzO2inmpD/ds=\""
[2024-07-03T11:04:12.946Z] [INFO] [ApiClient957399744] : "User-Agent : Mozilla/5.0"
[2024-07-03T11:04:12.946Z] [INFO] [ApiClient957399744] : "************************  LOGGING END  ************************"
[2024-07-03T11:39:06.244Z] [INFO] [MerchantConfig31355675] : "************************ LOGGING START ************************"
[2024-07-03T11:39:06.258Z] [INFO] [ApiClient569591427] : "Authentication Type : http_signature"
[2024-07-03T11:39:06.261Z] [INFO] [ApiClient569591427] : "Request Type : POST"
[2024-07-03T11:39:06.262Z] [INFO] [ApiClient569591427] : "signatureHeader : keyid=\"ectfsandbox\", algorithm=\"HmacSHA256\", headers=\"host date request-target digest v-c-merchant-id\", signature=\"NflYwfAfOEt99VXnVRt3+2E+viwOhaoZuhYL4lDZ5U0=\""
[2024-07-03T11:39:06.263Z] [INFO] [ApiClient569591427] : "digest : SHA-256=+Eu8c407TZXsKNgUX21wKCVxp6/ZaqRV/XuA42Javfk="
[2024-07-03T11:39:06.263Z] [INFO] [ApiClient569591427] : "v-c-merchant-id : ectfsandbox"
[2024-07-03T11:39:06.263Z] [INFO] [ApiClient569591427] : "date : Wed, 03 Jul 2024 11:39:06 GMT"
[2024-07-03T11:39:06.264Z] [INFO] [ApiClient569591427] : "host : apitest.cybersource.com"
[2024-07-03T11:39:06.265Z] [INFO] [ApiClient569591427] : "signature : keyid=\"ectfsandbox\", algorithm=\"HmacSHA256\", headers=\"host date request-target digest v-c-merchant-id\", signature=\"NflYwfAfOEt99VXnVRt3+2E+viwOhaoZuhYL4lDZ5U0=\""
[2024-07-03T11:39:06.266Z] [INFO] [ApiClient569591427] : "User-Agent : Mozilla/5.0"
[2024-07-03T11:39:06.266Z] [INFO] [ApiClient569591427] : "************************  LOGGING END  ************************"
